E:\PENN COURSE\CIS565 GPU PROGRAMMING\PROJECT-1-CUDA-RAYTRACER\PROJECT1-RAYTRACER\PROJ1_WIN\565RAYTRACER\DEBUG (V5.5)\GLSLUTILITY.OBJ
E:\PENN COURSE\CIS565 GPU PROGRAMMING\PROJECT-1-CUDA-RAYTRACER\PROJECT1-RAYTRACER\PROJ1_WIN\565RAYTRACER\DEBUG (V5.5)\COLORIMAGE.OBJ
E:\PENN COURSE\CIS565 GPU PROGRAMMING\PROJECT-1-CUDA-RAYTRACER\PROJECT1-RAYTRACER\PROJ1_WIN\565RAYTRACER\DEBUG (V5.5)\CUDARAYTRACER.OBJ
E:\PENN COURSE\CIS565 GPU PROGRAMMING\PROJECT-1-CUDA-RAYTRACER\PROJECT1-RAYTRACER\PROJ1_WIN\565RAYTRACER\DEBUG (V5.5)\FILEPARSER.OBJ
E:\PENN COURSE\CIS565 GPU PROGRAMMING\PROJECT-1-CUDA-RAYTRACER\PROJECT1-RAYTRACER\PROJ1_WIN\565RAYTRACER\DEBUG (V5.5)\LIGHT.OBJ
E:\PENN COURSE\CIS565 GPU PROGRAMMING\PROJECT-1-CUDA-RAYTRACER\PROJECT1-RAYTRACER\PROJ1_WIN\565RAYTRACER\DEBUG (V5.5)\MAIN.OBJ
E:\PENN COURSE\CIS565 GPU PROGRAMMING\PROJECT-1-CUDA-RAYTRACER\PROJECT1-RAYTRACER\PROJ1_WIN\565RAYTRACER\DEBUG (V5.5)\RAYTRACER.OBJ
E:\PENN COURSE\CIS565 GPU PROGRAMMING\PROJECT-1-CUDA-RAYTRACER\PROJECT1-RAYTRACER\PROJ1_WIN\565RAYTRACER\DEBUG (V5.5)\SCENEDESC.OBJ
E:\PENN COURSE\CIS565 GPU PROGRAMMING\PROJECT-1-CUDA-RAYTRACER\PROJECT1-RAYTRACER\PROJ1_WIN\565RAYTRACER\DEBUG (V5.5)\SPHERE.OBJ
E:\PENN COURSE\CIS565 GPU PROGRAMMING\PROJECT-1-CUDA-RAYTRACER\PROJECT1-RAYTRACER\PROJ1_WIN\565RAYTRACER\DEBUG (V5.5)\TRANSFORM.OBJ
E:\PENN COURSE\CIS565 GPU PROGRAMMING\PROJECT-1-CUDA-RAYTRACER\PROJECT1-RAYTRACER\PROJ1_WIN\565RAYTRACER\DEBUG (V5.5)\TRIANGLE.OBJ
E:\PENN COURSE\CIS565 GPU PROGRAMMING\PROJECT-1-CUDA-RAYTRACER\PROJECT1-RAYTRACER\PROJ1_WIN\565RAYTRACER\DEBUG (V5.5)\VC110.PDB
E:\PENN COURSE\CIS565 GPU PROGRAMMING\PROJECT-1-CUDA-RAYTRACER\PROJECT1-RAYTRACER\PROJ1_WIN\565RAYTRACER\DEBUG (V5.5)\STB_IMAGE.OBJ
E:\PENN COURSE\CIS565 GPU PROGRAMMING\PROJECT-1-CUDA-RAYTRACER\PROJECT1-RAYTRACER\PROJ1_WIN\565RAYTRACER\DEBUG (V5.5)\STB_IMAGE_WRITE.OBJ
E:\PENN COURSE\CIS565 GPU PROGRAMMING\PROJECT-1-CUDA-RAYTRACER\PROJECT1-RAYTRACER\PROJ1_WIN\DEBUG (V5.5)\565RAYTRACER.ILK
E:\PENN COURSE\CIS565 GPU PROGRAMMING\PROJECT-1-CUDA-RAYTRACER\PROJECT1-RAYTRACER\PROJ1_WIN\DEBUG (V5.5)\565RAYTRACER.EXE
E:\PENN COURSE\CIS565 GPU PROGRAMMING\PROJECT-1-CUDA-RAYTRACER\PROJECT1-RAYTRACER\PROJ1_WIN\DEBUG (V5.5)\565RAYTRACER.PDB
E:\Penn course\CIS565 GPU programming\Project-1-cuda-raytracer\Project1-RayTracer\PROJ1_WIN\565Raytracer\Debug (v5.5)\cudaRaytracerKernel.cu.cache
E:\Penn course\CIS565 GPU programming\Project-1-cuda-raytracer\Project1-RayTracer\PROJ1_WIN\565Raytracer\Debug (v5.5)\ColorImage.obj
E:\Penn course\CIS565 GPU programming\Project-1-cuda-raytracer\Project1-RayTracer\PROJ1_WIN\565Raytracer\Debug (v5.5)\cudaRaytracer.obj
E:\Penn course\CIS565 GPU programming\Project-1-cuda-raytracer\Project1-RayTracer\PROJ1_WIN\565Raytracer\Debug (v5.5)\fileParser.obj
E:\Penn course\CIS565 GPU programming\Project-1-cuda-raytracer\Project1-RayTracer\PROJ1_WIN\565Raytracer\Debug (v5.5)\glslUtility.obj
E:\Penn course\CIS565 GPU programming\Project-1-cuda-raytracer\Project1-RayTracer\PROJ1_WIN\565Raytracer\Debug (v5.5)\light.obj
E:\Penn course\CIS565 GPU programming\Project-1-cuda-raytracer\Project1-RayTracer\PROJ1_WIN\565Raytracer\Debug (v5.5)\main.obj
E:\Penn course\CIS565 GPU programming\Project-1-cuda-raytracer\Project1-RayTracer\PROJ1_WIN\565Raytracer\Debug (v5.5)\raytracer.obj
E:\Penn course\CIS565 GPU programming\Project-1-cuda-raytracer\Project1-RayTracer\PROJ1_WIN\565Raytracer\Debug (v5.5)\sceneDesc.obj
E:\Penn course\CIS565 GPU programming\Project-1-cuda-raytracer\Project1-RayTracer\PROJ1_WIN\565Raytracer\Debug (v5.5)\sphere.obj
E:\Penn course\CIS565 GPU programming\Project-1-cuda-raytracer\Project1-RayTracer\PROJ1_WIN\565Raytracer\Debug (v5.5)\stb_image.obj
E:\Penn course\CIS565 GPU programming\Project-1-cuda-raytracer\Project1-RayTracer\PROJ1_WIN\565Raytracer\Debug (v5.5)\stb_image_write.obj
E:\Penn course\CIS565 GPU programming\Project-1-cuda-raytracer\Project1-RayTracer\PROJ1_WIN\565Raytracer\Debug (v5.5)\transform.obj
E:\Penn course\CIS565 GPU programming\Project-1-cuda-raytracer\Project1-RayTracer\PROJ1_WIN\565Raytracer\Debug (v5.5)\triangle.obj
E:\Penn course\CIS565 GPU programming\Project-1-cuda-raytracer\Project1-RayTracer\PROJ1_WIN\565Raytracer\Debug (v5.5)\cl.command.1.tlog
E:\Penn course\CIS565 GPU programming\Project-1-cuda-raytracer\Project1-RayTracer\PROJ1_WIN\565Raytracer\Debug (v5.5)\CL.read.1.tlog
E:\Penn course\CIS565 GPU programming\Project-1-cuda-raytracer\Project1-RayTracer\PROJ1_WIN\565Raytracer\Debug (v5.5)\CL.write.1.tlog
E:\Penn course\CIS565 GPU programming\Project-1-cuda-raytracer\Project1-RayTracer\PROJ1_WIN\565Raytracer\Debug (v5.5)\link-cvtres.read.1.tlog
E:\Penn course\CIS565 GPU programming\Project-1-cuda-raytracer\Project1-RayTracer\PROJ1_WIN\565Raytracer\Debug (v5.5)\link-cvtres.write.1.tlog
E:\Penn course\CIS565 GPU programming\Project-1-cuda-raytracer\Project1-RayTracer\PROJ1_WIN\565Raytracer\Debug (v5.5)\link-rc.read.1.tlog
E:\Penn course\CIS565 GPU programming\Project-1-cuda-raytracer\Project1-RayTracer\PROJ1_WIN\565Raytracer\Debug (v5.5)\link-rc.write.1.tlog
E:\Penn course\CIS565 GPU programming\Project-1-cuda-raytracer\Project1-RayTracer\PROJ1_WIN\565Raytracer\Debug (v5.5)\link.6276-cvtres.read.1.tlog
E:\Penn course\CIS565 GPU programming\Project-1-cuda-raytracer\Project1-RayTracer\PROJ1_WIN\565Raytracer\Debug (v5.5)\link.6276-cvtres.write.1.tlog
E:\Penn course\CIS565 GPU programming\Project-1-cuda-raytracer\Project1-RayTracer\PROJ1_WIN\565Raytracer\Debug (v5.5)\link.6276-rc.read.1.tlog
E:\Penn course\CIS565 GPU programming\Project-1-cuda-raytracer\Project1-RayTracer\PROJ1_WIN\565Raytracer\Debug (v5.5)\link.6276-rc.write.1.tlog
E:\Penn course\CIS565 GPU programming\Project-1-cuda-raytracer\Project1-RayTracer\PROJ1_WIN\565Raytracer\Debug (v5.5)\link.6276.read.1.tlog
E:\Penn course\CIS565 GPU programming\Project-1-cuda-raytracer\Project1-RayTracer\PROJ1_WIN\565Raytracer\Debug (v5.5)\link.6276.write.1.tlog
E:\Penn course\CIS565 GPU programming\Project-1-cuda-raytracer\Project1-RayTracer\PROJ1_WIN\565Raytracer\Debug (v5.5)\link.6304-cvtres.read.1.tlog
E:\Penn course\CIS565 GPU programming\Project-1-cuda-raytracer\Project1-RayTracer\PROJ1_WIN\565Raytracer\Debug (v5.5)\link.6304-cvtres.write.1.tlog
E:\Penn course\CIS565 GPU programming\Project-1-cuda-raytracer\Project1-RayTracer\PROJ1_WIN\565Raytracer\Debug (v5.5)\link.6304-rc.read.1.tlog
E:\Penn course\CIS565 GPU programming\Project-1-cuda-raytracer\Project1-RayTracer\PROJ1_WIN\565Raytracer\Debug (v5.5)\link.6304-rc.write.1.tlog
E:\Penn course\CIS565 GPU programming\Project-1-cuda-raytracer\Project1-RayTracer\PROJ1_WIN\565Raytracer\Debug (v5.5)\link.6304.read.1.tlog
E:\Penn course\CIS565 GPU programming\Project-1-cuda-raytracer\Project1-RayTracer\PROJ1_WIN\565Raytracer\Debug (v5.5)\link.6304.write.1.tlog
E:\Penn course\CIS565 GPU programming\Project-1-cuda-raytracer\Project1-RayTracer\PROJ1_WIN\565Raytracer\Debug (v5.5)\link.command.1.tlog
E:\Penn course\CIS565 GPU programming\Project-1-cuda-raytracer\Project1-RayTracer\PROJ1_WIN\565Raytracer\Debug (v5.5)\link.read.1.tlog
E:\Penn course\CIS565 GPU programming\Project-1-cuda-raytracer\Project1-RayTracer\PROJ1_WIN\565Raytracer\Debug (v5.5)\link.write.1.tlog
E:\Penn course\CIS565 GPU programming\Project-1-cuda-raytracer\Project1-RayTracer\PROJ1_WIN\565Raytracer\Debug (v5.5)\vc110.idb
E:\Penn course\CIS565 GPU programming\Project-1-cuda-raytracer\Project1-RayTracer\PROJ1_WIN\565Raytracer\Debug (v5.5)\vc110.pdb
E:\Penn course\CIS565 GPU programming\Project-1-cuda-raytracer\Project1-RayTracer\PROJ1_WIN\Debug (v5.5)\565Raytracer.pdb
E:\Penn course\CIS565 GPU programming\Project-1-cuda-raytracer\Project1-RayTracer\PROJ1_WIN\Debug (v5.5)\565Raytracer.exe
E:\Penn course\CIS565 GPU programming\Project-1-cuda-raytracer\Project1-RayTracer\PROJ1_WIN\Debug (v5.5)\565Raytracer.ilk
