E:\PENN COURSE\CIS565 GPU PROGRAMMING\PROJECT-1-CUDA-RAYTRACER\PROJECT1-RAYTRACER\PROJ1_WIN\565RAYTRACER\DEBUG\GLSLUTILITY.OBJ
E:\PENN COURSE\CIS565 GPU PROGRAMMING\PROJECT-1-CUDA-RAYTRACER\PROJECT1-RAYTRACER\PROJ1_WIN\565RAYTRACER\DEBUG\COLORIMAGE.OBJ
E:\PENN COURSE\CIS565 GPU PROGRAMMING\PROJECT-1-CUDA-RAYTRACER\PROJECT1-RAYTRACER\PROJ1_WIN\565RAYTRACER\DEBUG\CUDARAYTRACER.OBJ
E:\PENN COURSE\CIS565 GPU PROGRAMMING\PROJECT-1-CUDA-RAYTRACER\PROJECT1-RAYTRACER\PROJ1_WIN\565RAYTRACER\DEBUG\FILEPARSER.OBJ
E:\PENN COURSE\CIS565 GPU PROGRAMMING\PROJECT-1-CUDA-RAYTRACER\PROJECT1-RAYTRACER\PROJ1_WIN\565RAYTRACER\DEBUG\LIGHT.OBJ
E:\PENN COURSE\CIS565 GPU PROGRAMMING\PROJECT-1-CUDA-RAYTRACER\PROJECT1-RAYTRACER\PROJ1_WIN\565RAYTRACER\DEBUG\MAIN.OBJ
E:\PENN COURSE\CIS565 GPU PROGRAMMING\PROJECT-1-CUDA-RAYTRACER\PROJECT1-RAYTRACER\PROJ1_WIN\565RAYTRACER\DEBUG\RAYTRACER.OBJ
E:\PENN COURSE\CIS565 GPU PROGRAMMING\PROJECT-1-CUDA-RAYTRACER\PROJECT1-RAYTRACER\PROJ1_WIN\565RAYTRACER\DEBUG\SCENEDESC.OBJ
E:\PENN COURSE\CIS565 GPU PROGRAMMING\PROJECT-1-CUDA-RAYTRACER\PROJECT1-RAYTRACER\PROJ1_WIN\565RAYTRACER\DEBUG\SPHERE.OBJ
E:\PENN COURSE\CIS565 GPU PROGRAMMING\PROJECT-1-CUDA-RAYTRACER\PROJECT1-RAYTRACER\PROJ1_WIN\565RAYTRACER\DEBUG\TRANSFORM.OBJ
E:\PENN COURSE\CIS565 GPU PROGRAMMING\PROJECT-1-CUDA-RAYTRACER\PROJECT1-RAYTRACER\PROJ1_WIN\565RAYTRACER\DEBUG\TRIANGLE.OBJ
E:\PENN COURSE\CIS565 GPU PROGRAMMING\PROJECT-1-CUDA-RAYTRACER\PROJECT1-RAYTRACER\PROJ1_WIN\565RAYTRACER\DEBUG\VC110.PDB
E:\PENN COURSE\CIS565 GPU PROGRAMMING\PROJECT-1-CUDA-RAYTRACER\PROJECT1-RAYTRACER\PROJ1_WIN\565RAYTRACER\DEBUG\STB_IMAGE.OBJ
E:\PENN COURSE\CIS565 GPU PROGRAMMING\PROJECT-1-CUDA-RAYTRACER\PROJECT1-RAYTRACER\PROJ1_WIN\565RAYTRACER\DEBUG\STB_IMAGE_WRITE.OBJ
E:\PENN COURSE\CIS565 GPU PROGRAMMING\PROJECT-1-CUDA-RAYTRACER\PROJECT1-RAYTRACER\PROJ1_WIN\DEBUG\565RAYTRACER.ILK
E:\PENN COURSE\CIS565 GPU PROGRAMMING\PROJECT-1-CUDA-RAYTRACER\PROJECT1-RAYTRACER\PROJ1_WIN\DEBUG\565RAYTRACER.EXE
E:\PENN COURSE\CIS565 GPU PROGRAMMING\PROJECT-1-CUDA-RAYTRACER\PROJECT1-RAYTRACER\PROJ1_WIN\DEBUG\565RAYTRACER.PDB
E:\Penn course\CIS565 GPU programming\Project-1-cuda-raytracer\Project1-RayTracer\PROJ1_WIN\565Raytracer\Debug\cudaRaytracerKernel.cu.cache
E:\Penn course\CIS565 GPU programming\Project-1-cuda-raytracer\Project1-RayTracer\PROJ1_WIN\565Raytracer\Debug\ColorImage.obj
E:\Penn course\CIS565 GPU programming\Project-1-cuda-raytracer\Project1-RayTracer\PROJ1_WIN\565Raytracer\Debug\cudaRaytracer.obj
E:\Penn course\CIS565 GPU programming\Project-1-cuda-raytracer\Project1-RayTracer\PROJ1_WIN\565Raytracer\Debug\fileParser.obj
E:\Penn course\CIS565 GPU programming\Project-1-cuda-raytracer\Project1-RayTracer\PROJ1_WIN\565Raytracer\Debug\glslUtility.obj
E:\Penn course\CIS565 GPU programming\Project-1-cuda-raytracer\Project1-RayTracer\PROJ1_WIN\565Raytracer\Debug\light.obj
E:\Penn course\CIS565 GPU programming\Project-1-cuda-raytracer\Project1-RayTracer\PROJ1_WIN\565Raytracer\Debug\main.obj
E:\Penn course\CIS565 GPU programming\Project-1-cuda-raytracer\Project1-RayTracer\PROJ1_WIN\565Raytracer\Debug\raytracer.obj
E:\Penn course\CIS565 GPU programming\Project-1-cuda-raytracer\Project1-RayTracer\PROJ1_WIN\565Raytracer\Debug\sceneDesc.obj
E:\Penn course\CIS565 GPU programming\Project-1-cuda-raytracer\Project1-RayTracer\PROJ1_WIN\565Raytracer\Debug\sphere.obj
E:\Penn course\CIS565 GPU programming\Project-1-cuda-raytracer\Project1-RayTracer\PROJ1_WIN\565Raytracer\Debug\stb_image.obj
E:\Penn course\CIS565 GPU programming\Project-1-cuda-raytracer\Project1-RayTracer\PROJ1_WIN\565Raytracer\Debug\stb_image_write.obj
E:\Penn course\CIS565 GPU programming\Project-1-cuda-raytracer\Project1-RayTracer\PROJ1_WIN\565Raytracer\Debug\transform.obj
E:\Penn course\CIS565 GPU programming\Project-1-cuda-raytracer\Project1-RayTracer\PROJ1_WIN\565Raytracer\Debug\triangle.obj
E:\Penn course\CIS565 GPU programming\Project-1-cuda-raytracer\Project1-RayTracer\PROJ1_WIN\565Raytracer\Debug\cl.command.1.tlog
E:\Penn course\CIS565 GPU programming\Project-1-cuda-raytracer\Project1-RayTracer\PROJ1_WIN\565Raytracer\Debug\CL.read.1.tlog
E:\Penn course\CIS565 GPU programming\Project-1-cuda-raytracer\Project1-RayTracer\PROJ1_WIN\565Raytracer\Debug\CL.write.1.tlog
E:\Penn course\CIS565 GPU programming\Project-1-cuda-raytracer\Project1-RayTracer\PROJ1_WIN\565Raytracer\Debug\link-cvtres.read.1.tlog
E:\Penn course\CIS565 GPU programming\Project-1-cuda-raytracer\Project1-RayTracer\PROJ1_WIN\565Raytracer\Debug\link-cvtres.write.1.tlog
E:\Penn course\CIS565 GPU programming\Project-1-cuda-raytracer\Project1-RayTracer\PROJ1_WIN\565Raytracer\Debug\link-rc.read.1.tlog
E:\Penn course\CIS565 GPU programming\Project-1-cuda-raytracer\Project1-RayTracer\PROJ1_WIN\565Raytracer\Debug\link-rc.write.1.tlog
E:\Penn course\CIS565 GPU programming\Project-1-cuda-raytracer\Project1-RayTracer\PROJ1_WIN\565Raytracer\Debug\link.command.1.tlog
E:\Penn course\CIS565 GPU programming\Project-1-cuda-raytracer\Project1-RayTracer\PROJ1_WIN\565Raytracer\Debug\link.read.1.tlog
E:\Penn course\CIS565 GPU programming\Project-1-cuda-raytracer\Project1-RayTracer\PROJ1_WIN\565Raytracer\Debug\link.write.1.tlog
E:\Penn course\CIS565 GPU programming\Project-1-cuda-raytracer\Project1-RayTracer\PROJ1_WIN\565Raytracer\Debug\vc110.idb
E:\Penn course\CIS565 GPU programming\Project-1-cuda-raytracer\Project1-RayTracer\PROJ1_WIN\565Raytracer\Debug\vc110.pdb
E:\Penn course\CIS565 GPU programming\Project-1-cuda-raytracer\Project1-RayTracer\PROJ1_WIN\Debug\565Raytracer.pdb
E:\Penn course\CIS565 GPU programming\Project-1-cuda-raytracer\Project1-RayTracer\PROJ1_WIN\Debug\565Raytracer.exe
E:\Penn course\CIS565 GPU programming\Project-1-cuda-raytracer\Project1-RayTracer\PROJ1_WIN\Debug\565Raytracer.ilk
